c:\users\matt\documents\visual studio 2013\projects\opengl_engine\opengl_engine\debug\vc120.pdb
c:\users\matt\documents\visual studio 2013\projects\opengl_engine\opengl_engine\debug\vc120.idb
c:\users\matt\documents\visual studio 2013\projects\opengl_engine\opengl_engine\debug\box.obj
c:\users\matt\documents\visual studio 2013\projects\opengl_engine\opengl_engine\debug\camera.obj
c:\users\matt\documents\visual studio 2013\projects\opengl_engine\opengl_engine\debug\engine.obj
c:\users\matt\documents\visual studio 2013\projects\opengl_engine\opengl_engine\debug\entity.obj
c:\users\matt\documents\visual studio 2013\projects\opengl_engine\opengl_engine\debug\gbuffer.obj
c:\users\matt\documents\visual studio 2013\projects\opengl_engine\opengl_engine\debug\graphics.obj
c:\users\matt\documents\visual studio 2013\projects\opengl_engine\opengl_engine\debug\input.obj
c:\users\matt\documents\visual studio 2013\projects\opengl_engine\opengl_engine\debug\lightingmanager.obj
c:\users\matt\documents\visual studio 2013\projects\opengl_engine\opengl_engine\debug\main.obj
c:\users\matt\documents\visual studio 2013\projects\opengl_engine\opengl_engine\debug\mesh.obj
c:\users\matt\documents\visual studio 2013\projects\opengl_engine\opengl_engine\debug\model.obj
c:\users\matt\documents\visual studio 2013\projects\opengl_engine\opengl_engine\debug\program.obj
c:\users\matt\documents\visual studio 2013\projects\opengl_engine\opengl_engine\debug\program2d.obj
c:\users\matt\documents\visual studio 2013\projects\opengl_engine\opengl_engine\debug\programdirlight.obj
c:\users\matt\documents\visual studio 2013\projects\opengl_engine\opengl_engine\debug\programgeometry.obj
c:\users\matt\documents\visual studio 2013\projects\opengl_engine\opengl_engine\debug\programmodel.obj
c:\users\matt\documents\visual studio 2013\projects\opengl_engine\opengl_engine\debug\texture.obj
c:\users\matt\documents\visual studio 2013\projects\opengl_engine\opengl_engine\debug\programlight.obj
c:\users\matt\documents\visual studio 2013\projects\opengl_engine\debug\opengl_engine.ilk
c:\users\matt\documents\visual studio 2013\projects\opengl_engine\debug\opengl_engine.exe
c:\users\matt\documents\visual studio 2013\projects\opengl_engine\debug\opengl_engine.pdb
c:\users\matt\documents\visual studio 2013\projects\opengl_engine\opengl_engine\debug\opengl_engine.res
c:\users\matt\documents\visual studio 2013\projects\opengl_engine\opengl_engine\debug\opengl_engine.tlog\cl.command.1.tlog
c:\users\matt\documents\visual studio 2013\projects\opengl_engine\opengl_engine\debug\opengl_engine.tlog\cl.read.1.tlog
c:\users\matt\documents\visual studio 2013\projects\opengl_engine\opengl_engine\debug\opengl_engine.tlog\cl.write.1.tlog
c:\users\matt\documents\visual studio 2013\projects\opengl_engine\opengl_engine\debug\opengl_engine.tlog\link.command.1.tlog
c:\users\matt\documents\visual studio 2013\projects\opengl_engine\opengl_engine\debug\opengl_engine.tlog\link.read.1.tlog
c:\users\matt\documents\visual studio 2013\projects\opengl_engine\opengl_engine\debug\opengl_engine.tlog\link.write.1.tlog
c:\users\matt\documents\visual studio 2013\projects\opengl_engine\opengl_engine\debug\opengl_engine.tlog\rc.command.1.tlog
c:\users\matt\documents\visual studio 2013\projects\opengl_engine\opengl_engine\debug\opengl_engine.tlog\rc.read.1.tlog
c:\users\matt\documents\visual studio 2013\projects\opengl_engine\opengl_engine\debug\opengl_engine.tlog\rc.write.1.tlog
